0 info it worked if it ends with ok
1 verbose cli [ '/usr/bin/node', '/usr/bin/npm', 'run', 'start' ]
2 info using npm@3.5.2
3 info using node@v8.10.0
4 verbose run-script [ 'prestart', 'start', 'poststart' ]
5 info lifecycle 3d-cube@~prestart: 3d-cube@
6 silly lifecycle 3d-cube@~prestart: no script for prestart, continuing
7 info lifecycle 3d-cube@~start: 3d-cube@
8 verbose lifecycle 3d-cube@~start: unsafe-perm in lifecycle true
9 verbose lifecycle 3d-cube@~start: PATH: /usr/share/npm/bin/node-gyp-bin:/home/mohammadfakhreddin/Documents/projects/3d-cube/node_modules/.bin:/usr/local/sbin:/usr/local/bin:/usr/sbin:/usr/bin:/sbin:/bin:/usr/games:/usr/local/games:/snap/bin
10 verbose lifecycle 3d-cube@~start: CWD: /home/mohammadfakhreddin/Documents/projects/3d-cube
11 silly lifecycle 3d-cube@~start: Args: [ '-c',
11 silly lifecycle   'cmake . -DCMAKE_BUILD_TYPE=DEBUG -DCMAKE_TOOLCHAIN_FILE=/home/mohammadfakhreddin/Documents/projects/vcpkg/scripts/buildsystems/vcpkg.cmake && make && ./3d-cube' ]
12 silly lifecycle 3d-cube@~start: Returned: code: 2  signal: null
13 info lifecycle 3d-cube@~start: Failed to exec start script
14 verbose stack Error: 3d-cube@ start: `cmake . -DCMAKE_BUILD_TYPE=DEBUG -DCMAKE_TOOLCHAIN_FILE=/home/mohammadfakhreddin/Documents/projects/vcpkg/scripts/buildsystems/vcpkg.cmake && make && ./3d-cube`
14 verbose stack Exit status 2
14 verbose stack     at EventEmitter.<anonymous> (/usr/share/npm/lib/utils/lifecycle.js:232:16)
14 verbose stack     at emitTwo (events.js:126:13)
14 verbose stack     at EventEmitter.emit (events.js:214:7)
14 verbose stack     at ChildProcess.<anonymous> (/usr/share/npm/lib/utils/spawn.js:24:14)
14 verbose stack     at emitTwo (events.js:126:13)
14 verbose stack     at ChildProcess.emit (events.js:214:7)
14 verbose stack     at maybeClose (internal/child_process.js:925:16)
14 verbose stack     at Process.ChildProcess._handle.onexit (internal/child_process.js:209:5)
15 verbose pkgid 3d-cube@
16 verbose cwd /home/mohammadfakhreddin/Documents/projects/3d-cube
17 error Linux 5.3.0-42-generic
18 error argv "/usr/bin/node" "/usr/bin/npm" "run" "start"
19 error node v8.10.0
20 error npm  v3.5.2
21 error code ELIFECYCLE
22 error 3d-cube@ start: `cmake . -DCMAKE_BUILD_TYPE=DEBUG -DCMAKE_TOOLCHAIN_FILE=/home/mohammadfakhreddin/Documents/projects/vcpkg/scripts/buildsystems/vcpkg.cmake && make && ./3d-cube`
22 error Exit status 2
23 error Failed at the 3d-cube@ start script 'cmake . -DCMAKE_BUILD_TYPE=DEBUG -DCMAKE_TOOLCHAIN_FILE=/home/mohammadfakhreddin/Documents/projects/vcpkg/scripts/buildsystems/vcpkg.cmake && make && ./3d-cube'.
23 error Make sure you have the latest version of node.js and npm installed.
23 error If you do, this is most likely a problem with the 3d-cube package,
23 error not with npm itself.
23 error Tell the author that this fails on your system:
23 error     cmake . -DCMAKE_BUILD_TYPE=DEBUG -DCMAKE_TOOLCHAIN_FILE=/home/mohammadfakhreddin/Documents/projects/vcpkg/scripts/buildsystems/vcpkg.cmake && make && ./3d-cube
23 error You can get information on how to open an issue for this project with:
23 error     npm bugs 3d-cube
23 error Or if that isn't available, you can get their info via:
23 error     npm owner ls 3d-cube
23 error There is likely additional logging output above.
24 verbose exit [ 1, true ]
